<!DOCTYPE html PUBLIC "-//W3C//DTD XHTML 1.1//EN" "http://www.w3.org/TR/xhtml11/DTD/xhtml11.dtd">
<html xmlns="http://www.w3.org/1999/xhtml"><head><title>TestNG Report</title><style type="text/css">table {margin-bottom:10px;border-collapse:collapse;empty-cells:show}th,td {border:1px solid #009;padding:.25em .5em}th {vertical-align:bottom}td {vertical-align:top}table a {font-weight:bold}.stripe td {background-color: #E6EBF9}.num {text-align:right}.passedodd td {background-color: #3F3}.passedeven td {background-color: #0A0}.skippedodd td {background-color: #DDD}.skippedeven td {background-color: #CCC}.failedodd td,.attn {background-color: #F33}.failedeven td,.stripe .attn {background-color: #D00}.stacktrace {white-space:pre;font-family:monospace}.totop {font-size:85%;text-align:center;border-bottom:2px solid #000}</style></head><body><table><tr><th>Test</th><th># Passed</th><th># Skipped</th><th># Failed</th><th>Time (ms)</th><th>Included Groups</th><th>Excluded Groups</th></tr><tr><th colspan="7">QA Challenge</th></tr><tr><td><a href="#t0">Run in Chrome Browser</a></td><td class="num">1</td><td class="num attn">1</td><td class="num attn">1</td><td class="num">117,157</td><td></td><td></td></tr><tr class="stripe"><td><a href="#t1">Run in IE Browser</a></td><td class="num">0</td><td class="num attn">3</td><td class="num">0</td><td class="num">22</td><td></td><td></td></tr><tr><th>Total</th><th class="num">1</th><th class="num attn">4</th><th class="num attn">1</th><th class="num">117,179</th><th colspan="2"></th></tr></table><table id='summary'><thead><tr><th>Class</th><th>Method</th><th>Start</th><th>Time (ms)</th></tr></thead><tbody><tr><th colspan="4">QA Challenge</th></tr></tbody><tbody id="t0"><tr><th colspan="4">Run in Chrome Browser &#8212; failed</th></tr><tr class="failedeven"><td rowspan="1">com.soltech.tests.TestRunner</td><td><a href="#m0">searchForOpenQAPositions</a></td><td rowspan="1">1500893088536</td><td rowspan="1">73477</td></tr><tr><th colspan="4">Run in Chrome Browser &#8212; skipped</th></tr><tr class="skippedeven"><td rowspan="1">com.soltech.tests.TestRunner</td><td><a href="#m1">verifyJobDetailsPage</a></td><td rowspan="1">1500893162535</td><td rowspan="1">0</td></tr><tr><th colspan="4">Run in Chrome Browser &#8212; passed</th></tr><tr class="passedeven"><td rowspan="1">com.soltech.tests.TestRunner</td><td><a href="#m2">clickOnCareersOpenPositionsMenu</a></td><td rowspan="1">1500893075749</td><td rowspan="1">12726</td></tr></tbody><tbody id="t1"><tr><th colspan="4">Run in IE Browser &#8212; failed (configuration methods)</th></tr><tr class="failedeven"><td rowspan="2">com.soltech.tests.TestRunner</td><td><a href="#m3">closeBrowser</a></td><td rowspan="1">1500893167332</td><td rowspan="1">0</td></tr><tr class="failedeven"><td><a href="#m4">initializeBaseTest</a></td><td rowspan="1">1500893167317</td><td rowspan="1">0</td></tr><tr><th colspan="4">Run in IE Browser &#8212; skipped</th></tr><tr class="skippedeven"><td rowspan="3">com.soltech.tests.TestRunner</td><td><a href="#m5">clickOnCareersOpenPositionsMenu</a></td><td rowspan="1">1500893167326</td><td rowspan="1">0</td></tr><tr class="skippedeven"><td><a href="#m6">searchForOpenQAPositions</a></td><td rowspan="1">1500893167329</td><td rowspan="1">0</td></tr><tr class="skippedeven"><td><a href="#m7">verifyJobDetailsPage</a></td><td rowspan="1">1500893167331</td><td rowspan="1">0</td></tr></tbody></table><h2>Run in Chrome Browser</h2><h3 id="m0">com.soltech.tests.TestRunner#searchForOpenQAPositions</h3><table class="result"><tr><th>Exception</th></tr><tr><td><div class="stacktrace">org.openqa.selenium.NoSuchElementException: no such element: Unable to locate element: {&quot;method&quot;:&quot;css selector&quot;,&quot;selector&quot;:&quot;a[href=&apos;https://careers-soltech.icims.com/jobs/2011/quality-assurance-automation-engineer/job?in_iframe=1&apos;]&quot;}
  (Session info: chrome=59.0.3071.115)
  (Driver info: chromedriver=2.30.477700 (0057494ad8732195794a7b32078424f92a5fce41),platform=Windows NT 10.0.15063 x86_64) (WARNING: The server did not provide any stacktrace information)
Command duration or timeout: 60.02 seconds
For documentation on this error, please visit: http://seleniumhq.org/exceptions/no_such_element.html
Build info: version: &apos;3.4.0&apos;, revision: &apos;unknown&apos;, time: &apos;unknown&apos;
System info: host: &apos;DESKTOP-GJN174N&apos;, ip: &apos;192.168.1.5&apos;, os.name: &apos;Windows 10&apos;, os.arch: &apos;amd64&apos;, os.version: &apos;10.0&apos;, java.version: &apos;1.8.0_131&apos;
Driver info: org.openqa.selenium.chrome.ChromeDriver
Capabilities [{applicationCacheEnabled=false, rotatable=false, mobileEmulationEnabled=false, networkConnectionEnabled=false, chrome={chromedriverVersion=2.30.477700 (0057494ad8732195794a7b32078424f92a5fce41), userDataDir=C:\Users\Hi\AppData\Local\Temp\scoped_dir4816_25667}, takesHeapSnapshot=true, pageLoadStrategy=normal, databaseEnabled=false, handlesAlerts=true, hasTouchScreen=false, version=59.0.3071.115, platform=XP, browserConnectionEnabled=false, nativeEvents=true, acceptSslCerts=true, locationContextEnabled=true, webStorageEnabled=true, browserName=chrome, takesScreenshot=true, javascriptEnabled=true, cssSelectorsEnabled=true, unexpectedAlertBehaviour=}]
Session ID: 3ae33f44c070360d7690a511175e72e2
*** Element info: {Using=css selector, value=a[href=&apos;https://careers-soltech.icims.com/jobs/2011/quality-assurance-automation-engineer/job?in_iframe=1&apos;]}
	at org.openqa.selenium.remote.ErrorHandler.createThrowable(ErrorHandler.java:215)
	at org.openqa.selenium.remote.ErrorHandler.throwIfResponseFailed(ErrorHandler.java:167)
	at org.openqa.selenium.remote.RemoteWebDriver.execute(RemoteWebDriver.java:671)
	at org.openqa.selenium.remote.RemoteWebDriver.findElement(RemoteWebDriver.java:410)
	at org.openqa.selenium.remote.RemoteWebDriver.findElementByCssSelector(RemoteWebDriver.java:501)
	at org.openqa.selenium.By$ByCssSelector.findElement(By.java:430)
	at org.openqa.selenium.remote.RemoteWebDriver.findElement(RemoteWebDriver.java:402)
	at org.openqa.selenium.support.pagefactory.DefaultElementLocator.findElement(DefaultElementLocator.java:69)
	at org.openqa.selenium.support.pagefactory.internal.LocatingElementHandler.invoke(LocatingElementHandler.java:38)
	at com.sun.proxy.$Proxy9.click(Unknown Source)
	at com.soltech.pages.OpenPositionsPage.clikOnQAPositionFromSerachResults(OpenPositionsPage.java:71)
	at com.soltech.tests.TestRunner.searchForOpenQAPositions(TestRunner.java:42)
... Removed 29 stack frames</div></td></tr></table><p class="totop"><a href="#summary">back to summary</a></p><h3 id="m1">com.soltech.tests.TestRunner#verifyJobDetailsPage</h3><table class="result"><tr><th>Exception</th></tr><tr><td><div class="stacktrace">java.lang.Throwable: Method TestRunner.verifyJobDetailsPage()[pri:0, instance:com.soltech.tests.TestRunner@5700d6b1] depends on not successfully finished methods
... Removed 18 stack frames</div></td></tr></table><p class="totop"><a href="#summary">back to summary</a></p><h3 id="m2">com.soltech.tests.TestRunner#clickOnCareersOpenPositionsMenu</h3><table class="result"></table><p class="totop"><a href="#summary">back to summary</a></p><h2>Run in IE Browser</h2><h3 id="m3">com.soltech.tests.TestRunner#closeBrowser</h3><table class="result"><tr><th>Exception</th></tr><tr><td><div class="stacktrace">java.lang.NullPointerException
	at com.soltech.base.BaseClass.closeBrowser(BaseClass.java:109)
... Removed 25 stack frames</div></td></tr></table><p class="totop"><a href="#summary">back to summary</a></p><h3 id="m4">com.soltech.tests.TestRunner#initializeBaseTest</h3><table class="result"><tr><th>Exception</th></tr><tr><td><div class="stacktrace">org.testng.TestNGException: 
Parameter &apos;baseURL&apos; is required by BeforeClass on method initializeBaseTest but has not been marked @Optional or defined
in F:\Automation\Frameworks\Selenium-JAVA-TestNG-TDD-Framework\Automation\testng.xml
... Removed 22 stack frames</div></td></tr></table><p class="totop"><a href="#summary">back to summary</a></p><h3 id="m5">com.soltech.tests.TestRunner#clickOnCareersOpenPositionsMenu</h3><table class="result"><tr><th>Exception</th></tr><tr><td><div class="stacktrace">org.testng.TestNGException: 
Parameter &apos;baseURL&apos; is required by BeforeClass on method initializeBaseTest but has not been marked @Optional or defined
in F:\Automation\Frameworks\Selenium-JAVA-TestNG-TDD-Framework\Automation\testng.xml
... Removed 22 stack frames</div></td></tr></table><p class="totop"><a href="#summary">back to summary</a></p><h3 id="m6">com.soltech.tests.TestRunner#searchForOpenQAPositions</h3><table class="result"><tr><th>Exception</th></tr><tr><td><div class="stacktrace">java.lang.Throwable: Method TestRunner.searchForOpenQAPositions()[pri:0, instance:com.soltech.tests.TestRunner@192b07fd] depends on not successfully finished methods
... Removed 18 stack frames</div></td></tr></table><p class="totop"><a href="#summary">back to summary</a></p><h3 id="m7">com.soltech.tests.TestRunner#verifyJobDetailsPage</h3><table class="result"><tr><th>Exception</th></tr><tr><td><div class="stacktrace">java.lang.Throwable: Method TestRunner.verifyJobDetailsPage()[pri:0, instance:com.soltech.tests.TestRunner@192b07fd] depends on not successfully finished methods
... Removed 18 stack frames</div></td></tr></table><p class="totop"><a href="#summary">back to summary</a></p></body></html>